<?xml version="1.0" encoding="UTF-8"?>
<!-- Generated by org.testng.reporters.JUnitXMLReporter -->
<testsuite hostname="REM-LT-210419F" ignored="0" name="Default test" tests="4" failures="0" timestamp="04 may 2021 19:59:46 GMT" time="3.282" errors="0">
  <testcase name="correctRateLimitsAreSet" time="1.158" classname="webapi.testing.BodyTestWithJackson"/>
  <testcase name="notFoundMessageIsCorrect" time="0.4" classname="webapi.testing.BodyTestWithJackson"/>
  <testcase name="returnsCorrectId" time="0.774" classname="webapi.testing.BodyTestWithJackson"/>
  <testcase name="returnsCorrectLogin" time="0.667" classname="webapi.testing.BodyTestWithJackson"/>
</testsuite> <!-- Default test -->
